# Logfile created on 2019-02-06 12:57:25 +0000 by logger.rb/61378
  INFO ---------------------------------------------------------------------------
  INFO START 2019-02-06 12:57:25 +0000 cap devnet vega:build
  INFO ---------------------------------------------------------------------------
  INFO ---------------------------------------------------------------------------
  INFO START 2019-02-06 12:57:31 +0000 cap devnet vega:build
  INFO ---------------------------------------------------------------------------
  INFO ---------------------------------------------------------------------------
  INFO START 2019-02-06 13:00:28 +0000 cap devnet vega:build
  INFO ---------------------------------------------------------------------------
  INFO ---------------------------------------------------------------------------
  INFO START 2019-02-06 13:01:48 +0000 cap devnet vega:upload
  INFO ---------------------------------------------------------------------------
  INFO [20e8c087] Running rm /home/vega-test/current/vega-test as vega@sg.devnet.vegaprotocol.io
 DEBUG [20e8c087] Command: rm /home/vega-test/current/vega-test
  INFO [b77a0739] Running rm /home/vega-test/current/vega-test as vega@us-west.devnet.vegaprotocol.io
 DEBUG [b77a0739] Command: rm /home/vega-test/current/vega-test
  INFO [dd665c44] Running rm /home/vega-test/current/vega-test as vega@gb.devnet.vegaprotocol.io
 DEBUG [dd665c44] Command: rm /home/vega-test/current/vega-test
 DEBUG [dd665c44] 	rm: cannot remove '/home/vega-test/current/vega-test': No such file or directory
  INFO ---------------------------------------------------------------------------
  INFO START 2019-02-06 13:02:05 +0000 cap devnet vega:upload
  INFO ---------------------------------------------------------------------------
 DEBUG Uploading ../vega 0.0%
  INFO ---------------------------------------------------------------------------
  INFO START 2019-02-06 13:02:41 +0000 cap devnet vega:upload
  INFO ---------------------------------------------------------------------------
 DEBUG Uploading ../vega 0.0%
 DEBUG Uploading ../vega 0.07%
 DEBUG Uploading ../vega 0.15%
 DEBUG Uploading ../vega 0.22%
 DEBUG Uploading ../vega 0.3%
 DEBUG Uploading ../vega 0.37%
 DEBUG Uploading ../vega 0.45%
 DEBUG Uploading ../vega 0.52%
 DEBUG Uploading ../vega 0.6%
 DEBUG Uploading ../vega 0.67%
 DEBUG Uploading ../vega 0.75%
 DEBUG Uploading ../vega 0.82%
 DEBUG Uploading ../vega 0.9%
 DEBUG Uploading ../vega 0.97%
 DEBUG Uploading ../vega 1.05%
 DEBUG Uploading ../vega 1.12%
 DEBUG Uploading ../vega 1.19%
 DEBUG Uploading ../vega 1.27%
 DEBUG Uploading ../vega 1.34%
 DEBUG Uploading ../vega 1.42%
 DEBUG Uploading ../vega 1.49%
 DEBUG Uploading ../vega 1.57%
 DEBUG Uploading ../vega 1.64%
 DEBUG Uploading ../vega 1.72%
 DEBUG Uploading ../vega 1.79%
 DEBUG Uploading ../vega 1.87%
 DEBUG Uploading ../vega 1.94%
 DEBUG Uploading ../vega 2.02%
 DEBUG Uploading ../vega 2.09%
 DEBUG Uploading ../vega 2.17%
 DEBUG Uploading ../vega 2.24%
 DEBUG Uploading ../vega 2.31%
 DEBUG Uploading ../vega 2.39%
 DEBUG Uploading ../vega 2.46%
 DEBUG Uploading ../vega 2.54%
 DEBUG Uploading ../vega 2.61%
 DEBUG Uploading ../vega 2.69%
 DEBUG Uploading ../vega 2.76%
 DEBUG Uploading ../vega 2.84%
 DEBUG Uploading ../vega 2.91%
 DEBUG Uploading ../vega 2.99%
 DEBUG Uploading ../vega 3.06%
 DEBUG Uploading ../vega 3.14%
 DEBUG Uploading ../vega 3.21%
 DEBUG Uploading ../vega 3.28%
 DEBUG Uploading ../vega 3.36%
 DEBUG Uploading ../vega 3.43%
 DEBUG Uploading ../vega 3.51%
 DEBUG Uploading ../vega 3.58%
 DEBUG Uploading ../vega 3.66%
 DEBUG Uploading ../vega 3.73%
 DEBUG Uploading ../vega 3.81%
 DEBUG Uploading ../vega 3.88%
 DEBUG Uploading ../vega 3.96%
 DEBUG Uploading ../vega 4.03%
 DEBUG Uploading ../vega 4.11%
 DEBUG Uploading ../vega 4.18%
 DEBUG Uploading ../vega 4.26%
 DEBUG Uploading ../vega 4.33%
 DEBUG Uploading ../vega 4.4%
 DEBUG Uploading ../vega 4.48%
 DEBUG Uploading ../vega 4.55%
 DEBUG Uploading ../vega 4.63%
 DEBUG Uploading ../vega 4.7%
 DEBUG Uploading ../vega 4.78%
 DEBUG Uploading ../vega 4.85%
 DEBUG Uploading ../vega 4.93%
 DEBUG Uploading ../vega 5.0%
 DEBUG Uploading ../vega 5.08%
 DEBUG Uploading ../vega 5.15%
 DEBUG Uploading ../vega 5.23%
 DEBUG Uploading ../vega 5.3%
 DEBUG Uploading ../vega 5.38%
 DEBUG Uploading ../vega 5.45%
 DEBUG Uploading ../vega 5.52%
 DEBUG Uploading ../vega 5.6%
 DEBUG Uploading ../vega 5.67%
 DEBUG Uploading ../vega 5.75%
 DEBUG Uploading ../vega 5.82%
 DEBUG Uploading ../vega 5.9%
 DEBUG Uploading ../vega 5.97%
 DEBUG Uploading ../vega 6.05%
 DEBUG Uploading ../vega 6.12%
 DEBUG Uploading ../vega 6.2%
 DEBUG Uploading ../vega 6.27%
 DEBUG Uploading ../vega 6.35%
 DEBUG Uploading ../vega 6.42%
 DEBUG Uploading ../vega 6.5%
 DEBUG Uploading ../vega 6.57%
 DEBUG Uploading ../vega 6.64%
 DEBUG Uploading ../vega 6.72%
 DEBUG Uploading ../vega 6.79%
 DEBUG Uploading ../vega 6.87%
 DEBUG Uploading ../vega 6.94%
 DEBUG Uploading ../vega 7.02%
 DEBUG Uploading ../vega 7.09%
 DEBUG Uploading ../vega 7.17%
 DEBUG Uploading ../vega 7.24%
 DEBUG Uploading ../vega 7.32%
 DEBUG Uploading ../vega 7.39%
 DEBUG Uploading ../vega 7.47%
 DEBUG Uploading ../vega 7.54%
 DEBUG Uploading ../vega 7.61%
 DEBUG Uploading ../vega 7.69%
 DEBUG Uploading ../vega 7.76%
 DEBUG Uploading ../vega 7.84%
 DEBUG Uploading ../vega 7.91%
 DEBUG Uploading ../vega 7.99%
 DEBUG Uploading ../vega 8.06%
 DEBUG Uploading ../vega 8.14%
 DEBUG Uploading ../vega 8.21%
 DEBUG Uploading ../vega 8.29%
 DEBUG Uploading ../vega 8.36%
 DEBUG Uploading ../vega 8.44%
 DEBUG Uploading ../vega 8.51%
 DEBUG Uploading ../vega 8.59%
 DEBUG Uploading ../vega 8.66%
 DEBUG Uploading ../vega 8.73%
 DEBUG Uploading ../vega 8.81%
 DEBUG Uploading ../vega 8.88%
 DEBUG Uploading ../vega 8.96%
 DEBUG Uploading ../vega 9.03%
 DEBUG Uploading ../vega 9.11%
 DEBUG Uploading ../vega 9.18%
 DEBUG Uploading ../vega 9.26%
 DEBUG Uploading ../vega 9.33%
 DEBUG Uploading ../vega 9.41%
 DEBUG Uploading ../vega 0.0%
 DEBUG Uploading ../vega 9.48%
 DEBUG Uploading ../vega 9.56%
 DEBUG Uploading ../vega 9.63%
 DEBUG Uploading ../vega 9.71%
 DEBUG Uploading ../vega 9.78%
 DEBUG Uploading ../vega 9.85%
 DEBUG Uploading ../vega 9.93%
  INFO Uploading ../vega 10.0%
 DEBUG Uploading ../vega 10.08%
 DEBUG Uploading ../vega 10.15%
 DEBUG Uploading ../vega 10.23%
 DEBUG Uploading ../vega 10.3%
 DEBUG Uploading ../vega 0.07%
 DEBUG Uploading ../vega 0.15%
 DEBUG Uploading ../vega 10.38%
 DEBUG Uploading ../vega 0.22%
 DEBUG Uploading ../vega 10.45%
 DEBUG Uploading ../vega 0.3%
 DEBUG Uploading ../vega 10.53%
 DEBUG Uploading ../vega 10.6%
 DEBUG Uploading ../vega 0.37%
 DEBUG Uploading ../vega 10.68%
 DEBUG Uploading ../vega 0.45%
 DEBUG Uploading ../vega 10.75%
 DEBUG Uploading ../vega 0.52%
 DEBUG Uploading ../vega 10.83%
 DEBUG Uploading ../vega 10.9%
 DEBUG Uploading ../vega 0.6%
 DEBUG Uploading ../vega 10.97%
 DEBUG Uploading ../vega 0.67%
 DEBUG Uploading ../vega 11.05%
 DEBUG Uploading ../vega 11.12%
 DEBUG Uploading ../vega 11.2%
 DEBUG Uploading ../vega 11.27%
 DEBUG Uploading ../vega 11.35%
 DEBUG Uploading ../vega 11.42%
 DEBUG Uploading ../vega 11.5%
 DEBUG Uploading ../vega 11.57%
 DEBUG Uploading ../vega 11.65%
 DEBUG Uploading ../vega 11.72%
 DEBUG Uploading ../vega 11.8%
 DEBUG Uploading ../vega 11.87%
 DEBUG Uploading ../vega 11.94%
 DEBUG Uploading ../vega 12.02%
 DEBUG Uploading ../vega 12.09%
 DEBUG Uploading ../vega 12.17%
 DEBUG Uploading ../vega 0.75%
 DEBUG Uploading ../vega 12.24%
 DEBUG Uploading ../vega 12.32%
 DEBUG Uploading ../vega 12.39%
 DEBUG Uploading ../vega 12.47%
 DEBUG Uploading ../vega 12.54%
 DEBUG Uploading ../vega 12.62%
 DEBUG Uploading ../vega 12.69%
 DEBUG Uploading ../vega 12.77%
 DEBUG Uploading ../vega 12.84%
 DEBUG Uploading ../vega 12.92%
 DEBUG Uploading ../vega 12.99%
 DEBUG Uploading ../vega 13.06%
 DEBUG Uploading ../vega 13.14%
 DEBUG Uploading ../vega 13.21%
 DEBUG Uploading ../vega 13.29%
 DEBUG Uploading ../vega 13.36%
 DEBUG Uploading ../vega 13.44%
 DEBUG Uploading ../vega 13.51%
 DEBUG Uploading ../vega 13.59%
 DEBUG Uploading ../vega 0.82%
 DEBUG Uploading ../vega 13.66%
 DEBUG Uploading ../vega 13.74%
 DEBUG Uploading ../vega 13.81%
 DEBUG Uploading ../vega 13.89%
 DEBUG Uploading ../vega 13.96%
 DEBUG Uploading ../vega 14.04%
 DEBUG Uploading ../vega 14.11%
 DEBUG Uploading ../vega 14.18%
 DEBUG Uploading ../vega 14.26%
 DEBUG Uploading ../vega 14.33%
 DEBUG Uploading ../vega 14.41%
 DEBUG Uploading ../vega 14.48%
 DEBUG Uploading ../vega 14.56%
 DEBUG Uploading ../vega 0.9%
 DEBUG Uploading ../vega 14.63%
 DEBUG Uploading ../vega 14.71%
 DEBUG Uploading ../vega 14.78%
 DEBUG Uploading ../vega 14.86%
 DEBUG Uploading ../vega 14.93%
 DEBUG Uploading ../vega 15.01%
 DEBUG Uploading ../vega 15.08%
 DEBUG Uploading ../vega 15.16%
 DEBUG Uploading ../vega 15.23%
 DEBUG Uploading ../vega 15.3%
 DEBUG Uploading ../vega 15.38%
 DEBUG Uploading ../vega 15.45%
 DEBUG Uploading ../vega 0.97%
 DEBUG Uploading ../vega 15.53%
 DEBUG Uploading ../vega 15.6%
 DEBUG Uploading ../vega 15.68%
 DEBUG Uploading ../vega 15.75%
 DEBUG Uploading ../vega 1.05%
